<?xml version="1.0" encoding="UTF-8"?>
<!-- Generated by org.testng.reporters.JUnitReportReporter -->
<testsuite hostname="DESKTOP-PES4CHD" failures="0" tests="3" name="com.users.Users" time="0.008" errors="0" timestamp="2022-11-09T11:05:53 IST" skipped="0">
  <testcase classname="com.users.Users" name="deleteUser" time="0.002"/>
  <system-out/>
  <testcase classname="com.users.Users" name="modifyUser" time="0.001"/>
  <system-out/>
  <testcase classname="com.users.Users" name="createUser" time="0.005"/>
  <system-out/>
</testsuite> <!-- com.users.Users -->
