<?xml version="1.0" encoding="UTF-8"?>
<!-- Generated by org.testng.reporters.JUnitReportReporter -->
<testsuite hostname="DESKTOP-PES4CHD" failures="0" tests="3" name="com.usersandproducts.Parametes" time="0.019" errors="0" timestamp="2022-11-09T10:59:33 IST" skipped="0">
  <testcase classname="com.usersandproducts.Parametes" name="createUser" time="0.008"/>
  <system-out/>
  <testcase classname="com.usersandproducts.Parametes" name="modifyUser" time="0.005"/>
  <system-out/>
  <testcase classname="com.usersandproducts.Parametes" name="deleteUser" time="0.006"/>
  <system-out/>
</testsuite> <!-- com.usersandproducts.Parametes -->
